<?xml version="1.0" encoding="UTF-8"?>
<!-- Generated by org.testng.reporters.JUnitXMLReporter -->
<testsuite ignored="0" hostname="DESKTOP-LBIU6S2" failures="0" tests="3" name="Default test" time="0.131" errors="0" timestamp="12 Jun 2023 14:08:30 GMT">
  <testcase classname="Seleniumnucoteveningbatchss.Annotationdemo" name="test1" time="0.022"/>
  <testcase classname="Seleniumnucoteveningbatchss.Annotationdemo" name="test2" time="0.003"/>
  <testcase classname="Seleniumnucoteveningbatchss.Annotationdemo" name="test3" time="0.006"/>
</testsuite> <!-- Default test -->
