<?xml version="1.0" encoding="UTF-8"?>
<testng-results ignored="0" total="3" passed="3" failed="0" skipped="0">
  <reporter-output>
  </reporter-output>
  <suite started-at="2023-06-12T14:08:30Z" name="Default suite" finished-at="2023-06-12T14:08:30Z" duration-ms="131">
    <groups>
    </groups>
    <test started-at="2023-06-12T14:08:30Z" name="Default test" finished-at="2023-06-12T14:08:30Z" duration-ms="131">
      <class name="Seleniumnucoteveningbatchss.Annotationdemo">
        <test-method is-config="true" signature="beforeSuiteTest()[pri:0, instance:Seleniumnucoteveningbatchss.Annotationdemo@4ae9cfc1]" started-at="2023-06-12T14:08:30Z" name="beforeSuiteTest" finished-at="2023-06-12T14:08:30Z" duration-ms="24" status="PASS">
          <reporter-output>
          </reporter-output>
        </test-method> <!-- beforeSuiteTest -->
        <test-method is-config="true" signature="beforeTest()[pri:0, instance:Seleniumnucoteveningbatchss.Annotationdemo@4ae9cfc1]" started-at="2023-06-12T14:08:30Z" name="beforeTest" finished-at="2023-06-12T14:08:30Z" duration-ms="3" status="PASS">
          <reporter-output>
          </reporter-output>
        </test-method> <!-- beforeTest -->
        <test-method is-config="true" signature="beforeClass()[pri:0, instance:Seleniumnucoteveningbatchss.Annotationdemo@4ae9cfc1]" started-at="2023-06-12T14:08:30Z" name="beforeClass" finished-at="2023-06-12T14:08:30Z" duration-ms="1" status="PASS">
          <reporter-output>
          </reporter-output>
        </test-method> <!-- beforeClass -->
        <test-method is-config="true" signature="beforeMethod()[pri:0, instance:Seleniumnucoteveningbatchss.Annotationdemo@4ae9cfc1]" started-at="2023-06-12T14:08:30Z" name="beforeMethod" finished-at="2023-06-12T14:08:30Z" duration-ms="1" status="PASS">
          <reporter-output>
          </reporter-output>
        </test-method> <!-- beforeMethod -->
        <test-method signature="test1()[pri:0, instance:Seleniumnucoteveningbatchss.Annotationdemo@4ae9cfc1]" started-at="2023-06-12T14:08:30Z" name="test1" finished-at="2023-06-12T14:08:30Z" duration-ms="22" status="PASS">
          <reporter-output>
          </reporter-output>
        </test-method> <!-- test1 -->
        <test-method is-config="true" signature="afterMethod()[pri:0, instance:Seleniumnucoteveningbatchss.Annotationdemo@4ae9cfc1]" started-at="2023-06-12T14:08:30Z" name="afterMethod" finished-at="2023-06-12T14:08:30Z" duration-ms="1" status="PASS">
          <reporter-output>
          </reporter-output>
        </test-method> <!-- afterMethod -->
        <test-method is-config="true" signature="beforeMethod()[pri:0, instance:Seleniumnucoteveningbatchss.Annotationdemo@4ae9cfc1]" started-at="2023-06-12T14:08:30Z" name="beforeMethod" finished-at="2023-06-12T14:08:30Z" duration-ms="1" status="PASS">
          <reporter-output>
          </reporter-output>
        </test-method> <!-- beforeMethod -->
        <test-method signature="test2()[pri:0, instance:Seleniumnucoteveningbatchss.Annotationdemo@4ae9cfc1]" started-at="2023-06-12T14:08:30Z" name="test2" finished-at="2023-06-12T14:08:30Z" duration-ms="3" status="PASS">
          <reporter-output>
          </reporter-output>
        </test-method> <!-- test2 -->
        <test-method is-config="true" signature="afterMethod()[pri:0, instance:Seleniumnucoteveningbatchss.Annotationdemo@4ae9cfc1]" started-at="2023-06-12T14:08:30Z" name="afterMethod" finished-at="2023-06-12T14:08:30Z" duration-ms="1" status="PASS">
          <reporter-output>
          </reporter-output>
        </test-method> <!-- afterMethod -->
        <test-method is-config="true" signature="beforeMethod()[pri:0, instance:Seleniumnucoteveningbatchss.Annotationdemo@4ae9cfc1]" started-at="2023-06-12T14:08:30Z" name="beforeMethod" finished-at="2023-06-12T14:08:30Z" duration-ms="0" status="PASS">
          <reporter-output>
          </reporter-output>
        </test-method> <!-- beforeMethod -->
        <test-method signature="test3()[pri:0, instance:Seleniumnucoteveningbatchss.Annotationdemo@4ae9cfc1]" started-at="2023-06-12T14:08:30Z" name="test3" finished-at="2023-06-12T14:08:30Z" duration-ms="6" status="PASS">
          <reporter-output>
          </reporter-output>
        </test-method> <!-- test3 -->
        <test-method is-config="true" signature="afterMethod()[pri:0, instance:Seleniumnucoteveningbatchss.Annotationdemo@4ae9cfc1]" started-at="2023-06-12T14:08:30Z" name="afterMethod" finished-at="2023-06-12T14:08:30Z" duration-ms="1" status="PASS">
          <reporter-output>
          </reporter-output>
        </test-method> <!-- afterMethod -->
        <test-method is-config="true" signature="afterClss()[pri:0, instance:Seleniumnucoteveningbatchss.Annotationdemo@4ae9cfc1]" started-at="2023-06-12T14:08:30Z" name="afterClss" finished-at="2023-06-12T14:08:30Z" duration-ms="30" status="PASS">
          <reporter-output>
          </reporter-output>
        </test-method> <!-- afterClss -->
        <test-method is-config="true" signature="aftertest()[pri:0, instance:Seleniumnucoteveningbatchss.Annotationdemo@4ae9cfc1]" started-at="2023-06-12T14:08:30Z" name="aftertest" finished-at="2023-06-12T14:08:30Z" duration-ms="3" status="PASS">
          <reporter-output>
          </reporter-output>
        </test-method> <!-- aftertest -->
        <test-method is-config="true" signature="afterSuite()[pri:0, instance:Seleniumnucoteveningbatchss.Annotationdemo@4ae9cfc1]" started-at="2023-06-12T14:08:30Z" name="afterSuite" finished-at="2023-06-12T14:08:30Z" duration-ms="2" status="PASS">
          <reporter-output>
          </reporter-output>
        </test-method> <!-- afterSuite -->
      </class> <!-- Seleniumnucoteveningbatchss.Annotationdemo -->
    </test> <!-- Default test -->
  </suite> <!-- Default suite -->
</testng-results>
